<?xml version="1.0" encoding="UTF-8"?>
<!-- Generated by org.testng.reporters.JUnitReportReporter -->
<testsuite hostname="Gehazi" failures="0" tests="1" name="com.tests.OrangeHRMTest" time="43.266" errors="0" timestamp="2022-12-06T20:06:05 EST" skipped="0">
  <testcase classname="com.tests.OrangeHRMTest" name="searchUpPeopleInPIM" time="43.266"/>
  <system-out/>
</testsuite> <!-- com.tests.OrangeHRMTest -->
