<?xml version="1.0" encoding="UTF-8"?>
<!-- Generated by org.testng.reporters.JUnitReportReporter -->
<testsuite hostname="Gehazi" failures="0" tests="1" name="com.page.HomePage" time="9.177" errors="0" timestamp="2022-10-11T11:04:50 EDT" skipped="0">
  <testcase classname="com.page.HomePage" name="logIn" time="9.177"/>
  <system-out/>
</testsuite> <!-- com.page.HomePage -->
